2025-04-10T20:42:47.823-03:00  INFO 14264 --- [alpha] [restartedMain] com.crud.alpha.AlphaApplication          : Starting AlphaApplication using Java 21.0.6 with PID 14264 (C:\Users\Fabricio\Desktop\Spring-Backend\target\classes started by Fabricio in C:\Users\Fabricio\Desktop\Spring-Backend)
2025-04-10T20:42:47.828-03:00  INFO 14264 --- [alpha] [restartedMain] com.crud.alpha.AlphaApplication          : No active profile set, falling back to 1 default profile: "default"
2025-04-10T20:42:47.850-03:00  INFO 14264 --- [alpha] [restartedMain] .e.DevToolsPropertyDefaultsPostProcessor : Devtools property defaults active! Set 'spring.devtools.add-properties' to 'false' to disable
2025-04-10T20:42:47.851-03:00  INFO 14264 --- [alpha] [restartedMain] .e.DevToolsPropertyDefaultsPostProcessor : For additional web related logging consider setting the 'logging.level.web' property to 'DEBUG'
2025-04-10T20:42:48.182-03:00  INFO 14264 --- [alpha] [restartedMain] .s.d.r.c.RepositoryConfigurationDelegate : Bootstrapping Spring Data JPA repositories in DEFAULT mode.
2025-04-10T20:42:48.216-03:00  INFO 14264 --- [alpha] [restartedMain] .s.d.r.c.RepositoryConfigurationDelegate : Finished Spring Data repository scanning in 29 ms. Found 2 JPA repository interfaces.
2025-04-10T20:42:48.511-03:00  INFO 14264 --- [alpha] [restartedMain] o.s.b.w.embedded.tomcat.TomcatWebServer  : Tomcat initialized with port 8080 (http)
2025-04-10T20:42:48.521-03:00  INFO 14264 --- [alpha] [restartedMain] o.apache.catalina.core.StandardService   : Starting service [Tomcat]
2025-04-10T20:42:48.521-03:00  INFO 14264 --- [alpha] [restartedMain] o.apache.catalina.core.StandardEngine    : Starting Servlet engine: [Apache Tomcat/10.1.39]
2025-04-10T20:42:48.554-03:00  INFO 14264 --- [alpha] [restartedMain] o.a.c.c.C.[Tomcat].[localhost].[/]       : Initializing Spring embedded WebApplicationContext
2025-04-10T20:42:48.554-03:00  INFO 14264 --- [alpha] [restartedMain] w.s.c.ServletWebServerApplicationContext : Root WebApplicationContext: initialization completed in 703 ms
2025-04-10T20:42:48.643-03:00  INFO 14264 --- [alpha] [restartedMain] o.hibernate.jpa.internal.util.LogHelper  : HHH000204: Processing PersistenceUnitInfo [name: default]
2025-04-10T20:42:48.698-03:00  INFO 14264 --- [alpha] [restartedMain] org.hibernate.Version                    : HHH000412: Hibernate ORM core version 6.6.11.Final
2025-04-10T20:42:48.727-03:00  INFO 14264 --- [alpha] [restartedMain] o.h.c.internal.RegionFactoryInitiator    : HHH000026: Second-level cache disabled
2025-04-10T20:42:48.805-03:00  INFO 14264 --- [alpha] [restartedMain] o.h.e.boot.internal.EnversServiceImpl    : Envers integration enabled? : true
2025-04-10T20:42:48.948-03:00  INFO 14264 --- [alpha] [restartedMain] o.s.o.j.p.SpringPersistenceUnitInfo      : No LoadTimeWeaver setup: ignoring JPA class transformer
2025-04-10T20:42:48.971-03:00  INFO 14264 --- [alpha] [restartedMain] com.zaxxer.hikari.HikariDataSource       : HikariPool-1 - Starting...
2025-04-10T20:42:49.078-03:00  INFO 14264 --- [alpha] [restartedMain] com.zaxxer.hikari.pool.HikariPool        : HikariPool-1 - Added connection com.mysql.cj.jdbc.ConnectionImpl@ac16a31
2025-04-10T20:42:49.079-03:00  INFO 14264 --- [alpha] [restartedMain] com.zaxxer.hikari.HikariDataSource       : HikariPool-1 - Start completed.
2025-04-10T20:42:49.118-03:00  WARN 14264 --- [alpha] [restartedMain] org.hibernate.dialect.Dialect            : HHH000511: The 5.5.5 version for [org.hibernate.dialect.MySQLDialect] is no longer supported, hence certain features may not work properly. The minimum supported version is 8.0.0. Check the community dialects project for available legacy versions.
2025-04-10T20:42:49.132-03:00  INFO 14264 --- [alpha] [restartedMain] org.hibernate.orm.connections.pooling    : HHH10001005: Database info:
	Database JDBC URL [Connecting through datasource 'HikariDataSource (HikariPool-1)']
	Database driver: undefined/unknown
	Database version: 5.5.5
	Autocommit mode: undefined/unknown
	Isolation level: undefined/unknown
	Minimum pool size: undefined/unknown
	Maximum pool size: undefined/unknown
2025-04-10T20:42:49.298-03:00  INFO 14264 --- [alpha] [restartedMain] o.h.e.c.i.m.AuditMetadataGenerator       : Adding properties for entity: com.crud.alpha.clase.Ticket
2025-04-10T20:42:49.300-03:00  INFO 14264 --- [alpha] [restartedMain] o.h.e.c.i.m.AuditMetadataGenerator       : Adding properties for entity: com.crud.alpha.clase.Usuario
2025-04-10T20:42:49.784-03:00  INFO 14264 --- [alpha] [restartedMain] o.h.e.t.j.p.i.JtaPlatformInitiator       : HHH000489: No JTA platform available (set 'hibernate.transaction.jta.platform' to enable JTA platform integration)
2025-04-10T20:42:49.976-03:00  INFO 14264 --- [alpha] [restartedMain] j.LocalContainerEntityManagerFactoryBean : Initialized JPA EntityManagerFactory for persistence unit 'default'
2025-04-10T20:42:50.149-03:00  WARN 14264 --- [alpha] [restartedMain] JpaBaseConfiguration$JpaWebConfiguration : spring.jpa.open-in-view is enabled by default. Therefore, database queries may be performed during view rendering. Explicitly configure spring.jpa.open-in-view to disable this warning
2025-04-10T20:42:50.317-03:00  INFO 14264 --- [alpha] [restartedMain] o.s.b.d.a.OptionalLiveReloadServer       : LiveReload server is running on port 35729
2025-04-10T20:42:50.337-03:00  INFO 14264 --- [alpha] [restartedMain] o.s.b.w.embedded.tomcat.TomcatWebServer  : Tomcat started on port 8080 (http) with context path '/'
2025-04-10T20:42:50.340-03:00  INFO 14264 --- [alpha] [restartedMain] com.crud.alpha.AlphaApplication          : Started AlphaApplication in 2.756 seconds (process running for 3.11)
2025-04-10T20:43:38.105-03:00  INFO 14264 --- [alpha] [http-nio-8080-exec-2] o.a.c.c.C.[Tomcat].[localhost].[/]       : Initializing Spring DispatcherServlet 'dispatcherServlet'
2025-04-10T20:43:38.105-03:00  INFO 14264 --- [alpha] [http-nio-8080-exec-2] o.s.web.servlet.DispatcherServlet        : Initializing Servlet 'dispatcherServlet'
2025-04-10T20:43:38.106-03:00  INFO 14264 --- [alpha] [http-nio-8080-exec-2] o.s.web.servlet.DispatcherServlet        : Completed initialization in 1 ms
2025-04-10T20:43:48.248-03:00  WARN 14264 --- [alpha] [http-nio-8080-exec-3] .w.s.m.s.DefaultHandlerExceptionResolver : Resolved [org.springframework.http.converter.HttpMessageNotReadableException: JSON parse error: Cannot deserialize value of type `com.crud.alpha.enums.Localidades` from String "Montevideo": not one of the values accepted for Enum class: [MALDONADO, CANELONES, TRES_ORDENES, VIVIENDAS, TRANSLADO, PAYSANDU, SORIANO, ARTIGAS, RIVERA, SAN_JOSE, FLORES, YOUNG, SALTO, DURAZNO, LAVALLEJA, SAN_SALVADOR, MONTEVIDEO, ROCHA, GUERREO, CERRO_LARGO, COLONIA, FLORIDA, TININ]]
2025-04-10T20:47:01.556-03:00  INFO 14264 --- [alpha] [SpringApplicationShutdownHook] o.s.b.w.e.tomcat.GracefulShutdown        : Commencing graceful shutdown. Waiting for active requests to complete
2025-04-10T20:47:01.558-03:00  INFO 14264 --- [alpha] [tomcat-shutdown] o.s.b.w.e.tomcat.GracefulShutdown        : Graceful shutdown complete
2025-04-10T20:47:01.561-03:00  INFO 14264 --- [alpha] [SpringApplicationShutdownHook] j.LocalContainerEntityManagerFactoryBean : Closing JPA EntityManagerFactory for persistence unit 'default'
2025-04-10T20:47:01.562-03:00  INFO 14264 --- [alpha] [SpringApplicationShutdownHook] com.zaxxer.hikari.HikariDataSource       : HikariPool-1 - Shutdown initiated...
2025-04-10T20:47:01.568-03:00  INFO 14264 --- [alpha] [SpringApplicationShutdownHook] com.zaxxer.hikari.HikariDataSource       : HikariPool-1 - Shutdown completed.
